<?xml version="1.0" encoding="UTF-8" ?>
<testsuite tests="11" failures="0" name="TestSuite" time="0.206" errors="0" skipped="0">
  <properties>
[...]
</properties>
  <testcase classname="com.steerlean.fizzbuzz.TestApp" name="testStart" time="0.108"/>
  <testcase classname="com.steerlean.fizzbuzz.TestDivisibility" name="divisiblebyzero" time="0.013"/>
  <testcase classname="com.steerlean.fizzbuzz.TestDivisibility" name="testBuzzParser" time="0"/>
  <testcase classname="com.steerlean.fizzbuzz.TestDivisibility" name="testFizzParser" time="0"/>
  <testcase classname="com.steerlean.fizzbuzz.TestNumberProcessor" name="testProcessRange" time="0.026"/>
  <testcase classname="com.steerlean.fizzbuzz.TestRuleConfiguratorOne" name="TestConfigure" time="0.014"/>
  <testcase classname="com.steerlean.fizzbuzz.rule.TestRuleFactory" name="testDivisibilityRuleCreation" time="0.001"/>
  <testcase classname="com.steerlean.fizzbuzz.rule.TestRuleFactory" name="testSumOfDigitalVisibility" time="0"/>
  <testcase classname="com.steerlean.fizzbuzz.TestRulesConfigurator" name="testConfigure" time="0.031"/>
  <testcase classname="com.steerlean.fizzbuzz.TestSumOfDigitsDivisibility" name="testParse" time="0.01"/>
  <testcase classname="com.steerlean.fizzbuzz.TestSumOfDigitsDivisibility" name="testall" time="0.003"/>
</testsuite>