<?xml version="1.0" encoding="UTF-8"?>
<testng-results skipped="0" failed="0" total="11" passed="11">
  <reporter-output>
  </reporter-output>
  <suite name="Command line suite" duration-ms="238" started-at="2017-12-19T08:34:20Z" finished-at="2017-12-19T08:34:21Z">
    <groups>
    </groups>
    <test name="Command line test" duration-ms="238" started-at="2017-12-19T08:34:20Z" finished-at="2017-12-19T08:34:21Z">
      <class name="com.steerlean.fizzbuzz.TestApp">
        <test-method status="PASS" signature="testStart(java.util.List)[pri:0, instance:com.steerlean.fizzbuzz.TestApp@77bc2e16]" name="testStart" duration-ms="107" started-at="2017-12-19T14:04:20Z" finished-at="2017-12-19T14:04:21Z">
          <params>
            <param index="0">
              <value>
                <![CDATA[$Impl_List@4d93f75b]]>
              </value>
            </param>
          </params>
          <reporter-output>
          </reporter-output>
        </test-method> <!-- testStart -->
      </class> <!-- com.steerlean.fizzbuzz.TestApp -->
      <class name="com.steerlean.fizzbuzz.TestDivisibility">
        <test-method status="PASS" signature="divisiblebyzero()[pri:0, instance:com.steerlean.fizzbuzz.TestDivisibility@36baa049]" name="divisiblebyzero" duration-ms="13" started-at="2017-12-19T14:04:21Z" finished-at="2017-12-19T14:04:21Z">
          <exception class="java.lang.ArithmeticException">
            <message>
              <![CDATA[/ by zero]]>
            </message>
            <full-stacktrace>
              <![CDATA[java.lang.ArithmeticException: / by zero
	at com.steerlean.fizzbuzz.rule.DivisibilityRule.parse(DivisibilityRule.java:13)
	at com.steerlean.fizzbuzz.TestDivisibility.divisiblebyzero(TestDivisibility.java:38)
	at sun.reflect.NativeMethodAccessorImpl.invoke0(Native Method)
	at java.lang.reflect.Method.invoke(Method.java:498)
	at org.apache.maven.surefire.testng.TestNGExecutor.run(TestNGExecutor.java:77)
	at org.apache.maven.surefire.testng.TestNGDirectoryTestSuite.executeMulti(TestNGDirectoryTestSuite.java:159)
	at org.apache.maven.surefire.testng.TestNGDirectoryTestSuite.execute(TestNGDirectoryTestSuite.java:99)
	at org.apache.maven.surefire.testng.TestNGProvider.invoke(TestNGProvider.java:106)
	at sun.reflect.NativeMethodAccessorImpl.invoke0(Native Method)
	at java.lang.reflect.Method.invoke(Method.java:498)
	at org.apache.maven.surefire.util.ReflectionUtils.invokeMethodWithArray(ReflectionUtils.java:189)
	at org.apache.maven.surefire.booter.ProviderFactory$ProviderProxy.invoke(ProviderFactory.java:165)
	at org.apache.maven.surefire.booter.ProviderFactory.invokeProvider(ProviderFactory.java:85)
	at org.apache.maven.surefire.booter.ForkedBooter.runSuitesInProcess(ForkedBooter.java:115)
	at org.apache.maven.surefire.booter.ForkedBooter.main(ForkedBooter.java:75)
]]>
            </full-stacktrace>
          </exception> <!-- java.lang.ArithmeticException -->
          <reporter-output>
          </reporter-output>
        </test-method> <!-- divisiblebyzero -->
        <test-method status="PASS" signature="testBuzzParser()[pri:0, instance:com.steerlean.fizzbuzz.TestDivisibility@36baa049]" name="testBuzzParser" duration-ms="0" started-at="2017-12-19T14:04:21Z" finished-at="2017-12-19T14:04:21Z">
          <reporter-output>
          </reporter-output>
        </test-method> <!-- testBuzzParser -->
        <test-method status="PASS" signature="testFizzParser()[pri:0, instance:com.steerlean.fizzbuzz.TestDivisibility@36baa049]" name="testFizzParser" duration-ms="1" started-at="2017-12-19T14:04:21Z" finished-at="2017-12-19T14:04:21Z">
          <reporter-output>
          </reporter-output>
        </test-method> <!-- testFizzParser -->
      </class> <!-- com.steerlean.fizzbuzz.TestDivisibility -->
      <class name="com.steerlean.fizzbuzz.TestSumOfDigitsDivisibility">
        <test-method status="PASS" signature="testParse()[pri:0, instance:com.steerlean.fizzbuzz.TestSumOfDigitsDivisibility@48e8c32a]" name="testParse" duration-ms="10" started-at="2017-12-19T14:04:21Z" finished-at="2017-12-19T14:04:21Z">
          <reporter-output>
          </reporter-output>
        </test-method> <!-- testParse -->
        <test-method status="PASS" signature="testall()[pri:0, instance:com.steerlean.fizzbuzz.TestSumOfDigitsDivisibility@48e8c32a]" name="testall" duration-ms="3" started-at="2017-12-19T14:04:21Z" finished-at="2017-12-19T14:04:21Z">
          <reporter-output>
          </reporter-output>
        </test-method> <!-- testall -->
      </class> <!-- com.steerlean.fizzbuzz.TestSumOfDigitsDivisibility -->
      <class name="com.steerlean.fizzbuzz.TestRuleConfiguratorOne">
        <test-method status="PASS" signature="TestConfigure()[pri:0, instance:com.steerlean.fizzbuzz.TestRuleConfiguratorOne@56382bc9]" name="TestConfigure" duration-ms="13" started-at="2017-12-19T14:04:21Z" finished-at="2017-12-19T14:04:21Z">
          <reporter-output>
          </reporter-output>
        </test-method> <!-- TestConfigure -->
      </class> <!-- com.steerlean.fizzbuzz.TestRuleConfiguratorOne -->
      <class name="com.steerlean.fizzbuzz.TestNumberProcessor">
        <test-method status="PASS" signature="testProcessRange()[pri:0, instance:com.steerlean.fizzbuzz.TestNumberProcessor@608b1fd2]" name="testProcessRange" duration-ms="26" started-at="2017-12-19T14:04:21Z" finished-at="2017-12-19T14:04:21Z">
          <reporter-output>
          </reporter-output>
        </test-method> <!-- testProcessRange -->
      </class> <!-- com.steerlean.fizzbuzz.TestNumberProcessor -->
      <class name="com.steerlean.fizzbuzz.rule.TestRuleFactory">
        <test-method status="PASS" signature="testDivisibilityRuleCreation()[pri:0, instance:com.steerlean.fizzbuzz.rule.TestRuleFactory@591a4f8e]" name="testDivisibilityRuleCreation" duration-ms="1" started-at="2017-12-19T14:04:21Z" finished-at="2017-12-19T14:04:21Z">
          <reporter-output>
          </reporter-output>
        </test-method> <!-- testDivisibilityRuleCreation -->
        <test-method status="PASS" signature="testSumOfDigitalVisibility()[pri:0, instance:com.steerlean.fizzbuzz.rule.TestRuleFactory@591a4f8e]" name="testSumOfDigitalVisibility" duration-ms="1" started-at="2017-12-19T14:04:21Z" finished-at="2017-12-19T14:04:21Z">
          <reporter-output>
          </reporter-output>
        </test-method> <!-- testSumOfDigitalVisibility -->
      </class> <!-- com.steerlean.fizzbuzz.rule.TestRuleFactory -->
      <class name="com.steerlean.fizzbuzz.TestRulesConfigurator">
        <test-method status="PASS" signature="testConfigure(com.steerlean.fizzbuzz.rule.IRule, com.steerlean.fizzbuzz.rule.IRule, com.steerlean.fizzbuzz.rule.IRule, com.steerlean.fizzbuzz.rule.IRule)[pri:0, instance:com.steerlean.fizzbuzz.TestRulesConfigurator@5b275811]" name="testConfigure" duration-ms="30" started-at="2017-12-19T14:04:21Z" finished-at="2017-12-19T14:04:21Z">
          <params>
            <param index="0">
              <value>
                <![CDATA[com.steerlean.fizzbuzz.rule.$Impl_IRule@5efeb117]]>
              </value>
            </param>
            <param index="1">
              <value>
                <![CDATA[com.steerlean.fizzbuzz.rule.$Impl_IRule@160b4809]]>
              </value>
            </param>
            <param index="2">
              <value>
                <![CDATA[com.steerlean.fizzbuzz.rule.$Impl_IRule@149b4d20]]>
              </value>
            </param>
            <param index="3">
              <value>
                <![CDATA[com.steerlean.fizzbuzz.rule.$Impl_IRule@664e848c]]>
              </value>
            </param>
          </params>
          <reporter-output>
          </reporter-output>
        </test-method> <!-- testConfigure -->
      </class> <!-- com.steerlean.fizzbuzz.TestRulesConfigurator -->
    </test> <!-- Command line test -->
  </suite> <!-- Command line suite -->
</testng-results>
