<?xml version="1.0" encoding="UTF-8"?>
<!-- Generated by org.testng.reporters.JUnitXMLReporter -->
<testsuite hostname="W3061640KTAWV" name="Command line test" tests="11" failures="0" timestamp="19 Dec 2017 08:34:21 GMT" time="0.238" errors="0">
  <testcase name="testStart" time="0.107" classname="com.steerlean.fizzbuzz.TestApp"/>
  <testcase name="divisiblebyzero" time="0.013" classname="com.steerlean.fizzbuzz.TestDivisibility"/>
  <testcase name="testBuzzParser" time="0.0" classname="com.steerlean.fizzbuzz.TestDivisibility"/>
  <testcase name="testFizzParser" time="0.001" classname="com.steerlean.fizzbuzz.TestDivisibility"/>
  <testcase name="testProcessRange" time="0.026" classname="com.steerlean.fizzbuzz.TestNumberProcessor"/>
  <testcase name="TestConfigure" time="0.013" classname="com.steerlean.fizzbuzz.TestRuleConfiguratorOne"/>
  <testcase name="testDivisibilityRuleCreation" time="0.001" classname="com.steerlean.fizzbuzz.rule.TestRuleFactory"/>
  <testcase name="testSumOfDigitalVisibility" time="0.001" classname="com.steerlean.fizzbuzz.rule.TestRuleFactory"/>
  <testcase name="testConfigure" time="0.03" classname="com.steerlean.fizzbuzz.TestRulesConfigurator"/>
  <testcase name="testParse" time="0.01" classname="com.steerlean.fizzbuzz.TestSumOfDigitsDivisibility"/>
  <testcase name="testall" time="0.003" classname="com.steerlean.fizzbuzz.TestSumOfDigitsDivisibility"/>
</testsuite> <!-- Command line test -->
