<?xml version="1.0" encoding="UTF-8"?>
<testng-results skipped="0" failed="0" total="2" passed="2">
  <reporter-output>
  </reporter-output>
  <suite name="Default suite" duration-ms="31" started-at="2017-12-19T08:31:59Z" finished-at="2017-12-19T08:31:59Z">
    <groups>
    </groups>
    <test name="Default test" duration-ms="31" started-at="2017-12-19T08:31:59Z" finished-at="2017-12-19T08:31:59Z">
      <class name="com.steerlean.fizzbuzz.TestSumOfDigitsDivisibility">
        <test-method status="PASS" signature="testParse()[pri:0, instance:com.steerlean.fizzbuzz.TestSumOfDigitsDivisibility@68bbe345]" name="testParse" duration-ms="15" started-at="2017-12-19T14:01:59Z" finished-at="2017-12-19T14:01:59Z">
          <reporter-output>
          </reporter-output>
        </test-method> <!-- testParse -->
        <test-method status="PASS" signature="testall()[pri:0, instance:com.steerlean.fizzbuzz.TestSumOfDigitsDivisibility@68bbe345]" name="testall" duration-ms="1" started-at="2017-12-19T14:01:59Z" finished-at="2017-12-19T14:01:59Z">
          <reporter-output>
          </reporter-output>
        </test-method> <!-- testall -->
      </class> <!-- com.steerlean.fizzbuzz.TestSumOfDigitsDivisibility -->
    </test> <!-- Default test -->
  </suite> <!-- Default suite -->
</testng-results>
